"polygons" in: met_min_ca_density.lydrc:35
    Polygons (raw): 579 (flat)  361 (hierarchical)
    Elapsed: 0.000s  Memory: 549.00M
"polygons" in: met_min_ca_density.lydrc:36
    Polygons (raw): 4800 (flat)  3334 (hierarchical)
    Elapsed: 0.000s  Memory: 549.00M
"polygons" in: met_min_ca_density.lydrc:38
    Polygons (raw): 803 (flat)  717 (hierarchical)
    Elapsed: 0.010s  Memory: 549.00M
"polygons" in: met_min_ca_density.lydrc:39
    Polygons (raw): 3241 (flat)  3241 (hierarchical)
    Elapsed: 0.000s  Memory: 549.00M
"polygons" in: met_min_ca_density.lydrc:41
    Polygons (raw): 1210 (flat)  1210 (hierarchical)
    Elapsed: 0.000s  Memory: 549.00M
"polygons" in: met_min_ca_density.lydrc:42
    Polygons (raw): 856 (flat)  856 (hierarchical)
    Elapsed: 0.010s  Memory: 549.00M
"polygons" in: met_min_ca_density.lydrc:44
    Polygons (raw): 453 (flat)  453 (hierarchical)
    Elapsed: 0.000s  Memory: 549.00M
"polygons" in: met_min_ca_density.lydrc:45
    Polygons (raw): 24302 (flat)  24302 (hierarchical)
    Elapsed: 0.020s  Memory: 550.00M
"polygons" in: met_min_ca_density.lydrc:47
    Polygons (raw): 36 (flat)  36 (hierarchical)
    Elapsed: 0.000s  Memory: 550.00M
"polygons" in: met_min_ca_density.lydrc:48
    Polygons (raw): 0 (flat)  0 (hierarchical)
    Elapsed: 0.000s  Memory: 550.00M
"polygons" in: met_min_ca_density.lydrc:49
    Polygons (raw): 0 (flat)  0 (hierarchical)
    Elapsed: 0.000s  Memory: 550.00M
"polygons" in: met_min_ca_density.lydrc:51
    Polygons (raw): 16 (flat)  16 (hierarchical)
    Elapsed: 0.000s  Memory: 550.00M
"input" in: met_min_ca_density.lydrc:53
    Polygons (raw): 57 (flat)  24 (hierarchical)
    Elapsed: 0.000s  Memory: 550.00M
"area" in: met_min_ca_density.lydrc:55
    Elapsed: 0.000s  Memory: 550.00M
"polygons" in: met_min_ca_density.lydrc:59
    Polygons (raw): 579 (flat)  361 (hierarchical)
    Elapsed: 0.000s  Memory: 550.00M
"area" in: met_min_ca_density.lydrc:59
    Elapsed: 0.010s  Memory: 550.00M
li1_ca_density is 0.9999270754397571
"polygons" in: met_min_ca_density.lydrc:69
    Polygons (raw): 803 (flat)  717 (hierarchical)
    Elapsed: 0.000s  Memory: 550.00M
"area" in: met_min_ca_density.lydrc:69
    Elapsed: 0.010s  Memory: 550.00M
m1_ca_density is 0.9995531042380137
"polygons" in: met_min_ca_density.lydrc:79
    Polygons (raw): 1210 (flat)  1210 (hierarchical)
    Elapsed: 0.000s  Memory: 550.00M
"area" in: met_min_ca_density.lydrc:79
    Elapsed: 0.010s  Memory: 550.00M
m2_ca_density is 0.9993184627957659
"polygons" in: met_min_ca_density.lydrc:89
    Polygons (raw): 453 (flat)  453 (hierarchical)
    Elapsed: 0.000s  Memory: 550.00M
"area" in: met_min_ca_density.lydrc:89
    Elapsed: 0.000s  Memory: 550.00M
m3_ca_density is 0.9780597257452521
"polygons" in: met_min_ca_density.lydrc:99
    Polygons (raw): 36 (flat)  36 (hierarchical)
    Elapsed: 0.000s  Memory: 550.00M
"area" in: met_min_ca_density.lydrc:99
    Elapsed: 0.000s  Memory: 550.00M
m4_ca_density is 0.9907123368520392
"polygons" in: met_min_ca_density.lydrc:109
    Polygons (raw): 16 (flat)  16 (hierarchical)
    Elapsed: 0.000s  Memory: 550.00M
"area" in: met_min_ca_density.lydrc:109
    Elapsed: 0.000s  Memory: 550.00M
m5_ca_density is 0.999817578611457
Writing report database: /mnt/users_data/jobs/apaj/UNIC-CASS_precheck_dac/35056e47-c43b-47b2-8a81-96e01d8167f2/outputs/reports/klayout_met_min_ca_density_check.xml ..
Total elapsed: 0.140s  Memory: 550.00M
